<?xml version="1.0" encoding="UTF-8"?>
<!-- Generated by org.testng.reporters.JUnitReportReporter -->
<testsuite hostname="DESKTOP-JCJ8HOK" failures="0" tests="4" name="testcases.Booking" time="0.042" errors="0" timestamp="19 Sep 2022 03:30:29 GMT" skipped="0">
  <testcase classname="testcases.Booking" name="typeOfRoom" time="0.005"/>
  <testcase classname="testcases.Booking" name="searchHotel" time="0.032"/>
  <testcase classname="testcases.Booking" name="searchHotel" time="0.001"/>
  <testcase classname="testcases.Booking" name="typeOfRoom" time="0.004"/>
</testsuite> <!-- testcases.Booking -->
