<?xml version="1.0" encoding="UTF-8"?>
<!-- Generated by org.testng.reporters.JUnitReportReporter -->
<testsuite hostname="DESKTOP-JCJ8HOK" failures="0" tests="4" name="testcases.CustomerCommunication" time="0.028" errors="0" timestamp="19 Sep 2022 03:30:29 GMT" skipped="0">
  <testcase classname="testcases.CustomerCommunication" name="checkEmailVerification" time="0.004"/>
  <testcase classname="testcases.CustomerCommunication" name="checkMobileVerification" time="0.009"/>
  <testcase classname="testcases.CustomerCommunication" name="checkEmailVerification" time="0.011"/>
  <testcase classname="testcases.CustomerCommunication" name="checkMobileVerification" time="0.004"/>
</testsuite> <!-- testcases.CustomerCommunication -->
