<?xml version="1.0" encoding="UTF-8"?>
<!-- Generated by org.testng.reporters.JUnitReportReporter -->
<testsuite skipped="0" hostname="DESKTOP-JCJ8HOK" name="testcases.TC_002" tests="1" failures="0" timestamp="20 Oct 2022 03:11:12 GMT" time="0.032" errors="0">
  <testcase name="f" time="0.032" classname="testcases.TC_002"/>
</testsuite> <!-- testcases.TC_002 -->
