<?xml version="1.0" encoding="UTF-8"?>
<!-- Generated by org.testng.reporters.JUnitReportReporter -->
<testsuite skipped="0" hostname="DESKTOP-JCJ8HOK" name="testcases.TC_001" tests="1" failures="0" timestamp="20 Oct 2022 03:10:19 GMT" time="0.051" errors="0">
  <testcase name="amazon" time="0.051" classname="testcases.TC_001"/>
</testsuite> <!-- testcases.TC_001 -->
