<?xml version="1.0" encoding="UTF-8"?>
<!-- Generated by org.testng.reporters.JUnitReportReporter -->
<testsuite skipped="0" hostname="DESKTOP-JCJ8HOK" name="testcases.Session" tests="1" failures="0" timestamp="21 Oct 2022 03:25:19 GMT" time="13.494" errors="0">
  <testcase name="doLogin" time="13.494" classname="testcases.Session"/>
</testsuite> <!-- testcases.Session -->
